SF:lib\provider\Characters_provider.dart
DA:13,2
DA:14,0
DA:15,2
DA:16,2
DA:18,1
DA:19,1
DA:20,1
DA:24,1
DA:25,1
DA:26,1
DA:29,1
DA:30,2
DA:32,0
DA:34,0
DA:35,0
DA:39,1
DA:40,2
DA:41,2
DA:42,1
DA:48,1
DA:49,2
DA:50,2
DA:51,1
DA:57,1
DA:59,3
DA:66,1
DA:67,1
DA:72,1
DA:73,5
DA:74,1
DA:75,1
DA:80,1
DA:81,5
DA:85,1
DA:86,1
DA:87,2
DA:88,1
DA:94,1
DA:95,1
DA:96,1
DA:98,1
DA:99,5
DA:101,1
DA:105,0
DA:107,0
LF:45
LH:39
end_of_record
SF:lib\data\Characters_web_services.dart
DA:8,1
DA:9,2
DA:14,0
DA:15,0
DA:19,0
DA:21,0
DA:22,0
DA:28,1
DA:30,5
DA:31,0
DA:34,0
DA:35,0
DA:40,0
DA:41,0
DA:46,0
DA:47,0
LF:16
LH:4
end_of_record
