SF:lib\provider\characters_provider.dart
DA:12,2
DA:13,0
DA:14,2
DA:15,2
DA:17,1
DA:18,1
DA:19,1
DA:22,1
DA:23,1
DA:24,1
DA:27,1
DA:28,2
DA:30,0
DA:32,0
DA:33,0
DA:36,1
DA:37,2
DA:38,2
DA:39,1
DA:40,2
DA:44,1
DA:45,2
DA:46,2
DA:47,1
DA:48,2
DA:52,1
DA:54,3
DA:61,1
DA:62,2
DA:63,1
DA:64,1
DA:67,1
DA:68,5
DA:69,1
DA:70,2
DA:71,1
DA:72,1
DA:75,1
DA:76,5
DA:79,1
DA:80,1
DA:81,2
DA:82,1
DA:85,1
DA:86,1
DA:87,1
DA:89,1
DA:90,5
DA:92,1
DA:95,0
DA:97,0
LF:51
LH:45
end_of_record
SF:lib\data\characters_web_services.dart
DA:8,1
DA:9,2
DA:14,0
DA:15,0
DA:19,0
DA:21,0
DA:22,0
DA:28,1
DA:30,5
DA:31,0
DA:34,0
DA:35,0
DA:40,0
DA:41,0
DA:46,0
DA:47,0
LF:16
LH:4
end_of_record
